<?xml version="1.0" encoding="UTF-8"?>
<testsuite xmlns:xsi="http://www.w3.org/2001/XMLSchema-instance" xsi:noNamespaceSchemaLocation="https://maven.apache.org/surefire/maven-surefire-plugin/xsd/surefire-test-report.xsd" name="org.jboss.additional.testsuite.jdk8.present.logging.LoggingDeploymentResourceTestCase" time="15.427" tests="3" errors="0" skipped="0" failures="0">
  <properties>
[...]
</properties>
  <testcase name="testEarDeploymentConfigurationResource" classname="org.jboss.additional.testsuite.jdk8.present.logging.LoggingDeploymentResourceTestCase" time="0.067"/>
  <testcase name="testWarDeploymentConfigurationResource" classname="org.jboss.additional.testsuite.jdk8.present.logging.LoggingDeploymentResourceTestCase" time="0.022"/>
  <testcase name="testDeploymentConfigurationResource" classname="org.jboss.additional.testsuite.jdk8.present.logging.LoggingDeploymentResourceTestCase" time="0.033"/>
</testsuite>